<?xml version="1.0" encoding="UTF-8"?>
<!-- Generated by org.testng.reporters.JUnitReportReporter -->
<testsuite hostname="DavidBala" name="com.crm.Vtiger.OrganizationTest.TestOrganizationPage" tests="1" failures="0" timestamp="27 Jan 2020 12:38:35 GMT" time="16.731" errors="0">
  <testcase name="CreateOrganization" time="16.731" classname="com.crm.Vtiger.OrganizationTest.TestOrganizationPage"/>
</testsuite> <!-- com.crm.Vtiger.OrganizationTest.TestOrganizationPage -->
