<?xml version="1.0" encoding="UTF-8"?>
<!-- Generated by org.testng.reporters.JUnitReportReporter -->
<testsuite hostname="DavidBala" name="com.crm.Vtiger.ProductTest.TestProductsPage" tests="1" failures="0" timestamp="27 Jan 2020 12:38:35 GMT" time="15.666" errors="0">
  <testcase name="TestProductPage" time="15.666" classname="com.crm.Vtiger.ProductTest.TestProductsPage"/>
</testsuite> <!-- com.crm.Vtiger.ProductTest.TestProductsPage -->
