<?xml version="1.0" encoding="UTF-8"?>
<!-- Generated by org.testng.reporters.JUnitReportReporter -->
<testsuite hostname="DavidBala" name="com.crm.Vtiger.CampaignTest.TestCampaignsPage" tests="1" failures="0" timestamp="27 Jan 2020 12:38:35 GMT" time="17.313" errors="0">
  <testcase name="CampaignsPage" time="17.313" classname="com.crm.Vtiger.CampaignTest.TestCampaignsPage"/>
</testsuite> <!-- com.crm.Vtiger.CampaignTest.TestCampaignsPage -->
