<?xml version="1.0" encoding="UTF-8"?>
<!-- Generated by org.testng.reporters.JUnitReportReporter -->
<testsuite hostname="DavidBala" name="com.Vtiger.scripts.TestProductsPage" tests="1" failures="0" timestamp="27 Jan 2020 05:37:59 GMT" time="14.634" errors="0">
  <testcase name="TestProductPage" time="14.634" classname="com.Vtiger.scripts.TestProductsPage"/>
</testsuite> <!-- com.Vtiger.scripts.TestProductsPage -->
