<?xml version="1.0" encoding="UTF-8"?>
<!-- Generated by org.testng.reporters.JUnitReportReporter -->
<testsuite hostname="DavidBala" name="com.Vtiger.scripts.TestOrganizationPage" tests="1" failures="0" timestamp="25 Jan 2020 11:31:09 GMT" time="18.459" errors="0">
  <testcase name="CreateOrganization" time="18.459" classname="com.Vtiger.scripts.TestOrganizationPage"/>
</testsuite> <!-- com.Vtiger.scripts.TestOrganizationPage -->
