<?xml version="1.0" encoding="UTF-8"?>
<!-- Generated by org.testng.reporters.JUnitReportReporter -->
<testsuite hostname="DavidBala" name="com.Vtiger.scripts.TestCreateProductPage" tests="1" failures="0" timestamp="24 Jan 2020 09:32:46 GMT" time="8.184" errors="0">
  <testcase name="TestProductsPage" time="8.184" classname="com.Vtiger.scripts.TestCreateProductPage"/>
</testsuite> <!-- com.Vtiger.scripts.TestCreateProductPage -->
