<?xml version="1.0" encoding="UTF-8"?>
<!-- Generated by org.testng.reporters.JUnitReportReporter -->
<testsuite hostname="DavidBala" name="com.Vtiger.scripts.TestCampaignsPage" tests="1" failures="0" timestamp="27 Jan 2020 06:14:15 GMT" time="16.716" errors="0">
  <testcase name="CampaignsPage" time="16.716" classname="com.Vtiger.scripts.TestCampaignsPage"/>
</testsuite> <!-- com.Vtiger.scripts.TestCampaignsPage -->
