<?xml version="1.0" encoding="UTF-8"?>
<!-- Generated by org.testng.reporters.JUnitReportReporter -->
<testsuite hostname="DavidBala" name="com.Vtiger.scripts.TestCampaignsPageByAddingProducts" tests="1" failures="0" timestamp="27 Jan 2020 08:47:08 GMT" time="23.187" errors="0">
  <testcase name="TestCampaignWithProduct" time="23.187" classname="com.Vtiger.scripts.TestCampaignsPageByAddingProducts"/>
</testsuite> <!-- com.Vtiger.scripts.TestCampaignsPageByAddingProducts -->
