<?xml version="1.0" encoding="UTF-8"?>
<!-- Generated by org.testng.reporters.JUnitReportReporter -->
<testsuite hostname="DavidBala" name="com.Vtiger.scripts.TestCreateNewOrganizationPage" tests="1" failures="0" timestamp="24 Jan 2020 09:32:46 GMT" time="8.235" errors="0">
  <testcase name="createNewOrganization" time="8.235" classname="com.Vtiger.scripts.TestCreateNewOrganizationPage"/>
</testsuite> <!-- com.Vtiger.scripts.TestCreateNewOrganizationPage -->
